<?xml version="1.0" encoding="UTF-8"?>
<testsuite name="TestSuite" time="3.533" tests="19" errors="0" skipped="0" failures="3">
  <properties>
[...]
</properties>
  <testcase name="testDDL" classname="com.tz.online.ddl.TestDDL" time="1.924"/>
  <testcase name="testFindByCondition" classname="com.tz.online.dao.test.BookDaoImplTest" time="1"/>
  <testcase name="testFindById" classname="com.tz.online.dao.test.BookDaoImplTest" time="0.018"/>
  <testcase name="testFingByCategory" classname="com.tz.online.dao.test.BookDaoImplTest" time="0.01"/>
  <testcase name="testGetRows" classname="com.tz.online.dao.test.BookDaoImplTest" time="0.045"/>
  <testcase name="testFindByName" classname="com.tz.online.dao.test.UserDaoImplTest" time="0.183"/>
  <testcase name="testSave" classname="com.tz.online.dao.test.UserDaoImplTest" time="0.035"/>
  <testcase name="testUpdate" classname="com.tz.online.dao.test.UserDaoImplTest" time="0.016">
    <failure type="java.lang.NullPointerException:">java.lang.NullPointerException: null
	at com.tz.online.dao.test.UserDaoImplTest.testUpdate(UserDaoImplTest.java:34)
</failure>
    <system-out><![CDATA[Hibernate: 
    select
        user0_.userId as userId1_4_,
        user0_.address as address2_4_,
        user0_.company as company3_4_,
        user0_.email as email4_4_,
        user0_.passWord as passWord5_4_,
        user0_.phone as phone6_4_,
        user0_.userName as userName7_4_ 
    from
        user_book user0_ 
    where
        username=?
]]></system-out>
  </testcase>
  <testcase name="testFindByCategory" classname="com.tz.online.service.test.BookServiceImplTest" time="0.009"/>
  <testcase name="testFindById" classname="com.tz.online.service.test.BookServiceImplTest" time="0.022"/>
  <testcase name="testFindByPage" classname="com.tz.online.service.test.BookServiceImplTest" time="0.15"/>
  <testcase name="testAddAddress" classname="com.tz.online.service.test.UserServiceImplTest" time="0.016"/>
  <testcase name="testDelAddress" classname="com.tz.online.service.test.UserServiceImplTest" time="0.013">
    <failure type="java.lang.NullPointerException:">java.lang.NullPointerException: null
	at com.tz.online.dao.impl.AddressDaoImpl$3.execute(AddressDaoImpl.java:59)
	at com.tz.online.util.HibernateTemplates.execute(HibernateTemplates.java:23)
	at com.tz.online.dao.impl.AddressDaoImpl.delete(AddressDaoImpl.java:54)
	at com.tz.online.service.impl.UserServiceImpl.delAddress(UserServiceImpl.java:68)
	at com.tz.online.service.test.UserServiceImplTest.testDelAddress(UserServiceImplTest.java:46)
</failure>
    <system-out><![CDATA[Hibernate: 
    select
        address0_.addressId as addressId1_0_0_,
        address0_.area as area2_0_0_,
        address0_.detailAddress as detailAddress3_0_0_,
        address0_.emailCode as emailCode4_0_0_,
        address0_.isDefault as isDefault5_0_0_,
        address0_.reciver as reciver6_0_0_,
        address0_.tel as tel7_0_0_,
        address0_.user_id as user_id8_0_0_,
        user1_.userId as userId1_4_1_,
        user1_.address as address2_4_1_,
        user1_.company as company3_4_1_,
        user1_.email as email4_4_1_,
        user1_.passWord as passWord5_4_1_,
        user1_.phone as phone6_4_1_,
        user1_.userName as userName7_4_1_ 
    from
        address_book address0_ 
    left outer join
        user_book user1_ 
            on address0_.user_id=user1_.userId 
    where
        address0_.addressId=?
]]></system-out>
  </testcase>
  <testcase name="testGetAddressById" classname="com.tz.online.service.test.UserServiceImplTest" time="0.051"/>
  <testcase name="testGetAddressByUserId" classname="com.tz.online.service.test.UserServiceImplTest" time="0.011"/>
  <testcase name="testLogin" classname="com.tz.online.service.test.UserServiceImplTest" time="0.005"/>
  <testcase name="testRegister" classname="com.tz.online.service.test.UserServiceImplTest" time="0.009"/>
  <testcase name="testUpdAddress" classname="com.tz.online.service.test.UserServiceImplTest" time="0.011">
    <failure type="java.lang.NullPointerException:">java.lang.NullPointerException: null
	at com.tz.online.service.test.UserServiceImplTest.testUpdAddress(UserServiceImplTest.java:52)
</failure>
    <system-out><![CDATA[Hibernate: 
    select
        address0_.addressId as addressId1_0_0_,
        address0_.area as area2_0_0_,
        address0_.detailAddress as detailAddress3_0_0_,
        address0_.emailCode as emailCode4_0_0_,
        address0_.isDefault as isDefault5_0_0_,
        address0_.reciver as reciver6_0_0_,
        address0_.tel as tel7_0_0_,
        address0_.user_id as user_id8_0_0_,
        user1_.userId as userId1_4_1_,
        user1_.address as address2_4_1_,
        user1_.company as company3_4_1_,
        user1_.email as email4_4_1_,
        user1_.passWord as passWord5_4_1_,
        user1_.phone as phone6_4_1_,
        user1_.userName as userName7_4_1_ 
    from
        address_book address0_ 
    left outer join
        user_book user1_ 
            on address0_.user_id=user1_.userId 
    where
        address0_.addressId=?
]]></system-out>
  </testcase>
  <testcase name="testValidate" classname="com.tz.online.service.test.UserServiceImplTest" time="0.005"/>
</testsuite>