<?xml version="1.0" encoding="UTF-8"?>
<testng-results skipped="0" failed="3" total="19" passed="16">
  <reporter-output>
  </reporter-output>
  <suite name="product-gateway" duration-ms="3382" started-at="2017-03-17T11:18:05Z" finished-at="2017-03-17T11:18:08Z">
    <groups>
    </groups>
    <test name="Spu" duration-ms="3382" started-at="2017-03-17T11:18:05Z" finished-at="2017-03-17T11:18:08Z">
      <class name="com.tz.online.ddl.TestDDL">
        <test-method status="PASS" signature="testDDL()[pri:0, instance:com.tz.online.ddl.TestDDL@4cdbe50f]" name="testDDL" duration-ms="1925" started-at="2017-03-17T19:18:05Z" finished-at="2017-03-17T19:18:07Z">
          <reporter-output>
          </reporter-output>
        </test-method> <!-- testDDL -->
      </class> <!-- com.tz.online.ddl.TestDDL -->
      <class name="com.tz.online.dao.test.BookDaoImplTest">
        <test-method status="PASS" signature="testFindByCondition()[pri:0, instance:com.tz.online.dao.test.BookDaoImplTest@7e0babb1]" name="testFindByCondition" duration-ms="1000" started-at="2017-03-17T19:18:07Z" finished-at="2017-03-17T19:18:08Z">
          <reporter-output>
          </reporter-output>
        </test-method> <!-- testFindByCondition -->
        <test-method status="PASS" signature="testFindById()[pri:0, instance:com.tz.online.dao.test.BookDaoImplTest@7e0babb1]" name="testFindById" duration-ms="15" started-at="2017-03-17T19:18:08Z" finished-at="2017-03-17T19:18:08Z">
          <reporter-output>
          </reporter-output>
        </test-method> <!-- testFindById -->
        <test-method status="PASS" signature="testFingByCategory()[pri:0, instance:com.tz.online.dao.test.BookDaoImplTest@7e0babb1]" name="testFingByCategory" duration-ms="10" started-at="2017-03-17T19:18:08Z" finished-at="2017-03-17T19:18:08Z">
          <reporter-output>
          </reporter-output>
        </test-method> <!-- testFingByCategory -->
        <test-method status="PASS" signature="testGetRows()[pri:0, instance:com.tz.online.dao.test.BookDaoImplTest@7e0babb1]" name="testGetRows" duration-ms="17" started-at="2017-03-17T19:18:08Z" finished-at="2017-03-17T19:18:08Z">
          <reporter-output>
          </reporter-output>
        </test-method> <!-- testGetRows -->
      </class> <!-- com.tz.online.dao.test.BookDaoImplTest -->
      <class name="com.tz.online.dao.test.UserDaoImplTest">
        <test-method status="PASS" signature="testFindByName()[pri:0, instance:com.tz.online.dao.test.UserDaoImplTest@6debcae2]" name="testFindByName" duration-ms="158" started-at="2017-03-17T19:18:08Z" finished-at="2017-03-17T19:18:08Z">
          <reporter-output>
          </reporter-output>
        </test-method> <!-- testFindByName -->
        <test-method status="PASS" signature="testSave()[pri:0, instance:com.tz.online.dao.test.UserDaoImplTest@6debcae2]" name="testSave" duration-ms="88" started-at="2017-03-17T19:18:08Z" finished-at="2017-03-17T19:18:08Z">
          <reporter-output>
          </reporter-output>
        </test-method> <!-- testSave -->
        <test-method status="FAIL" signature="testUpdate()[pri:0, instance:com.tz.online.dao.test.UserDaoImplTest@6debcae2]" name="testUpdate" duration-ms="4" started-at="2017-03-17T19:18:08Z" finished-at="2017-03-17T19:18:08Z">
          <exception class="java.lang.NullPointerException">
            <full-stacktrace>
              <![CDATA[java.lang.NullPointerException
	at com.tz.online.dao.test.UserDaoImplTest.testUpdate(UserDaoImplTest.java:34)
	at sun.reflect.NativeMethodAccessorImpl.invoke0(Native Method)
	at sun.reflect.NativeMethodAccessorImpl.invoke(NativeMethodAccessorImpl.java:62)
	at sun.reflect.DelegatingMethodAccessorImpl.invoke(DelegatingMethodAccessorImpl.java:43)
	at java.lang.reflect.Method.invoke(Method.java:497)
	at org.testng.internal.MethodInvocationHelper.invokeMethod(MethodInvocationHelper.java:85)
	at org.testng.internal.Invoker.invokeMethod(Invoker.java:639)
	at org.testng.internal.Invoker.invokeTestMethod(Invoker.java:816)
	at org.testng.internal.Invoker.invokeTestMethods(Invoker.java:1124)
	at org.testng.internal.TestMethodWorker.invokeTestMethods(TestMethodWorker.java:125)
	at org.testng.internal.TestMethodWorker.run(TestMethodWorker.java:108)
	at org.testng.TestRunner.privateRun(TestRunner.java:774)
	at org.testng.TestRunner.run(TestRunner.java:624)
	at org.testng.SuiteRunner.runTest(SuiteRunner.java:359)
	at org.testng.SuiteRunner.runSequentially(SuiteRunner.java:354)
	at org.testng.SuiteRunner.privateRun(SuiteRunner.java:312)
	at org.testng.SuiteRunner.run(SuiteRunner.java:261)
	at org.testng.SuiteRunnerWorker.runSuite(SuiteRunnerWorker.java:52)
	at org.testng.SuiteRunnerWorker.run(SuiteRunnerWorker.java:86)
	at org.testng.TestNG.runSuitesSequentially(TestNG.java:1191)
	at org.testng.TestNG.runSuitesLocally(TestNG.java:1116)
	at org.testng.TestNG.run(TestNG.java:1024)
	at org.apache.maven.surefire.testng.TestNGExecutor.run(TestNGExecutor.java:293)
	at org.apache.maven.surefire.testng.TestNGXmlTestSuite.execute(TestNGXmlTestSuite.java:84)
	at org.apache.maven.surefire.testng.TestNGProvider.invoke(TestNGProvider.java:91)
	at org.apache.maven.surefire.booter.ForkedBooter.invokeProviderInSameClassLoader(ForkedBooter.java:200)
	at org.apache.maven.surefire.booter.ForkedBooter.runSuitesInProcess(ForkedBooter.java:153)
	at org.apache.maven.surefire.booter.ForkedBooter.main(ForkedBooter.java:103)
]]>
            </full-stacktrace>
          </exception> <!-- java.lang.NullPointerException -->
          <reporter-output>
          </reporter-output>
        </test-method> <!-- testUpdate -->
      </class> <!-- com.tz.online.dao.test.UserDaoImplTest -->
      <class name="com.tz.online.service.test.BookServiceImplTest">
        <test-method status="PASS" signature="testFindByCategory()[pri:0, instance:com.tz.online.service.test.BookServiceImplTest@5ba23b66]" name="testFindByCategory" duration-ms="9" started-at="2017-03-17T19:18:08Z" finished-at="2017-03-17T19:18:08Z">
          <reporter-output>
          </reporter-output>
        </test-method> <!-- testFindByCategory -->
        <test-method status="PASS" signature="testFindById()[pri:0, instance:com.tz.online.service.test.BookServiceImplTest@5ba23b66]" name="testFindById" duration-ms="3" started-at="2017-03-17T19:18:08Z" finished-at="2017-03-17T19:18:08Z">
          <reporter-output>
          </reporter-output>
        </test-method> <!-- testFindById -->
        <test-method status="PASS" signature="testFindByPage()[pri:0, instance:com.tz.online.service.test.BookServiceImplTest@5ba23b66]" name="testFindByPage" duration-ms="14" started-at="2017-03-17T19:18:08Z" finished-at="2017-03-17T19:18:08Z">
          <reporter-output>
          </reporter-output>
        </test-method> <!-- testFindByPage -->
      </class> <!-- com.tz.online.service.test.BookServiceImplTest -->
      <class name="com.tz.online.service.test.UserServiceImplTest">
        <test-method status="PASS" signature="testAddAddress()[pri:0, instance:com.tz.online.service.test.UserServiceImplTest@2ff4f00f]" name="testAddAddress" duration-ms="26" started-at="2017-03-17T19:18:08Z" finished-at="2017-03-17T19:18:08Z">
          <reporter-output>
          </reporter-output>
        </test-method> <!-- testAddAddress -->
        <test-method status="FAIL" signature="testDelAddress()[pri:0, instance:com.tz.online.service.test.UserServiceImplTest@2ff4f00f]" name="testDelAddress" duration-ms="26" started-at="2017-03-17T19:18:08Z" finished-at="2017-03-17T19:18:08Z">
          <exception class="java.lang.NullPointerException">
            <full-stacktrace>
              <![CDATA[java.lang.NullPointerException
	at com.tz.online.dao.impl.AddressDaoImpl$3.execute(AddressDaoImpl.java:59)
	at com.tz.online.util.HibernateTemplates.execute(HibernateTemplates.java:23)
	at com.tz.online.dao.impl.AddressDaoImpl.delete(AddressDaoImpl.java:54)
	at com.tz.online.service.impl.UserServiceImpl.delAddress(UserServiceImpl.java:68)
	at com.tz.online.service.test.UserServiceImplTest.testDelAddress(UserServiceImplTest.java:46)
	at sun.reflect.NativeMethodAccessorImpl.invoke0(Native Method)
	at sun.reflect.NativeMethodAccessorImpl.invoke(NativeMethodAccessorImpl.java:62)
	at sun.reflect.DelegatingMethodAccessorImpl.invoke(DelegatingMethodAccessorImpl.java:43)
	at java.lang.reflect.Method.invoke(Method.java:497)
	at org.testng.internal.MethodInvocationHelper.invokeMethod(MethodInvocationHelper.java:85)
	at org.testng.internal.Invoker.invokeMethod(Invoker.java:639)
	at org.testng.internal.Invoker.invokeTestMethod(Invoker.java:816)
	at org.testng.internal.Invoker.invokeTestMethods(Invoker.java:1124)
	at org.testng.internal.TestMethodWorker.invokeTestMethods(TestMethodWorker.java:125)
	at org.testng.internal.TestMethodWorker.run(TestMethodWorker.java:108)
	at org.testng.TestRunner.privateRun(TestRunner.java:774)
	at org.testng.TestRunner.run(TestRunner.java:624)
	at org.testng.SuiteRunner.runTest(SuiteRunner.java:359)
	at org.testng.SuiteRunner.runSequentially(SuiteRunner.java:354)
	at org.testng.SuiteRunner.privateRun(SuiteRunner.java:312)
	at org.testng.SuiteRunner.run(SuiteRunner.java:261)
	at org.testng.SuiteRunnerWorker.runSuite(SuiteRunnerWorker.java:52)
	at org.testng.SuiteRunnerWorker.run(SuiteRunnerWorker.java:86)
	at org.testng.TestNG.runSuitesSequentially(TestNG.java:1191)
	at org.testng.TestNG.runSuitesLocally(TestNG.java:1116)
	at org.testng.TestNG.run(TestNG.java:1024)
	at org.apache.maven.surefire.testng.TestNGExecutor.run(TestNGExecutor.java:293)
	at org.apache.maven.surefire.testng.TestNGXmlTestSuite.execute(TestNGXmlTestSuite.java:84)
	at org.apache.maven.surefire.testng.TestNGProvider.invoke(TestNGProvider.java:91)
	at org.apache.maven.surefire.booter.ForkedBooter.invokeProviderInSameClassLoader(ForkedBooter.java:200)
	at org.apache.maven.surefire.booter.ForkedBooter.runSuitesInProcess(ForkedBooter.java:153)
	at org.apache.maven.surefire.booter.ForkedBooter.main(ForkedBooter.java:103)
]]>
            </full-stacktrace>
          </exception> <!-- java.lang.NullPointerException -->
          <reporter-output>
          </reporter-output>
        </test-method> <!-- testDelAddress -->
        <test-method status="PASS" signature="testGetAddressById()[pri:0, instance:com.tz.online.service.test.UserServiceImplTest@2ff4f00f]" name="testGetAddressById" duration-ms="6" started-at="2017-03-17T19:18:08Z" finished-at="2017-03-17T19:18:08Z">
          <reporter-output>
          </reporter-output>
        </test-method> <!-- testGetAddressById -->
        <test-method status="PASS" signature="testGetAddressByUserId()[pri:0, instance:com.tz.online.service.test.UserServiceImplTest@2ff4f00f]" name="testGetAddressByUserId" duration-ms="18" started-at="2017-03-17T19:18:08Z" finished-at="2017-03-17T19:18:08Z">
          <reporter-output>
          </reporter-output>
        </test-method> <!-- testGetAddressByUserId -->
        <test-method status="PASS" signature="testLogin()[pri:0, instance:com.tz.online.service.test.UserServiceImplTest@2ff4f00f]" name="testLogin" duration-ms="10" started-at="2017-03-17T19:18:08Z" finished-at="2017-03-17T19:18:08Z">
          <reporter-output>
          </reporter-output>
        </test-method> <!-- testLogin -->
        <test-method status="PASS" signature="testRegister()[pri:0, instance:com.tz.online.service.test.UserServiceImplTest@2ff4f00f]" name="testRegister" duration-ms="6" started-at="2017-03-17T19:18:08Z" finished-at="2017-03-17T19:18:08Z">
          <reporter-output>
          </reporter-output>
        </test-method> <!-- testRegister -->
        <test-method status="FAIL" signature="testUpdAddress()[pri:0, instance:com.tz.online.service.test.UserServiceImplTest@2ff4f00f]" name="testUpdAddress" duration-ms="4" started-at="2017-03-17T19:18:08Z" finished-at="2017-03-17T19:18:08Z">
          <exception class="java.lang.NullPointerException">
            <full-stacktrace>
              <![CDATA[java.lang.NullPointerException
	at com.tz.online.service.test.UserServiceImplTest.testUpdAddress(UserServiceImplTest.java:52)
	at sun.reflect.NativeMethodAccessorImpl.invoke0(Native Method)
	at sun.reflect.NativeMethodAccessorImpl.invoke(NativeMethodAccessorImpl.java:62)
	at sun.reflect.DelegatingMethodAccessorImpl.invoke(DelegatingMethodAccessorImpl.java:43)
	at java.lang.reflect.Method.invoke(Method.java:497)
	at org.testng.internal.MethodInvocationHelper.invokeMethod(MethodInvocationHelper.java:85)
	at org.testng.internal.Invoker.invokeMethod(Invoker.java:639)
	at org.testng.internal.Invoker.invokeTestMethod(Invoker.java:816)
	at org.testng.internal.Invoker.invokeTestMethods(Invoker.java:1124)
	at org.testng.internal.TestMethodWorker.invokeTestMethods(TestMethodWorker.java:125)
	at org.testng.internal.TestMethodWorker.run(TestMethodWorker.java:108)
	at org.testng.TestRunner.privateRun(TestRunner.java:774)
	at org.testng.TestRunner.run(TestRunner.java:624)
	at org.testng.SuiteRunner.runTest(SuiteRunner.java:359)
	at org.testng.SuiteRunner.runSequentially(SuiteRunner.java:354)
	at org.testng.SuiteRunner.privateRun(SuiteRunner.java:312)
	at org.testng.SuiteRunner.run(SuiteRunner.java:261)
	at org.testng.SuiteRunnerWorker.runSuite(SuiteRunnerWorker.java:52)
	at org.testng.SuiteRunnerWorker.run(SuiteRunnerWorker.java:86)
	at org.testng.TestNG.runSuitesSequentially(TestNG.java:1191)
	at org.testng.TestNG.runSuitesLocally(TestNG.java:1116)
	at org.testng.TestNG.run(TestNG.java:1024)
	at org.apache.maven.surefire.testng.TestNGExecutor.run(TestNGExecutor.java:293)
	at org.apache.maven.surefire.testng.TestNGXmlTestSuite.execute(TestNGXmlTestSuite.java:84)
	at org.apache.maven.surefire.testng.TestNGProvider.invoke(TestNGProvider.java:91)
	at org.apache.maven.surefire.booter.ForkedBooter.invokeProviderInSameClassLoader(ForkedBooter.java:200)
	at org.apache.maven.surefire.booter.ForkedBooter.runSuitesInProcess(ForkedBooter.java:153)
	at org.apache.maven.surefire.booter.ForkedBooter.main(ForkedBooter.java:103)
]]>
            </full-stacktrace>
          </exception> <!-- java.lang.NullPointerException -->
          <reporter-output>
          </reporter-output>
        </test-method> <!-- testUpdAddress -->
        <test-method status="PASS" signature="testValidate()[pri:0, instance:com.tz.online.service.test.UserServiceImplTest@2ff4f00f]" name="testValidate" duration-ms="5" started-at="2017-03-17T19:18:08Z" finished-at="2017-03-17T19:18:08Z">
          <reporter-output>
          </reporter-output>
        </test-method> <!-- testValidate -->
      </class> <!-- com.tz.online.service.test.UserServiceImplTest -->
    </test> <!-- Spu -->
  </suite> <!-- product-gateway -->
</testng-results>
