<?xml version="1.0" encoding="UTF-8"?>
<testng-results skipped="0" failed="0" total="1" passed="1">
  <reporter-output>
  </reporter-output>
  <suite name="Default suite" duration-ms="2718" started-at="2017-03-17T11:22:22Z" finished-at="2017-03-17T11:22:25Z">
    <groups>
    </groups>
    <test name="Default test" duration-ms="2718" started-at="2017-03-17T11:22:22Z" finished-at="2017-03-17T11:22:25Z">
      <class name="com.tz.online.dao.test.UserDaoImplTest">
        <test-method status="PASS" signature="testFindByName()[pri:0, instance:com.tz.online.dao.test.UserDaoImplTest@457e2f02]" name="testFindByName" duration-ms="2695" started-at="2017-03-17T19:22:22Z" finished-at="2017-03-17T19:22:25Z">
          <reporter-output>
          </reporter-output>
        </test-method> <!-- testFindByName -->
      </class> <!-- com.tz.online.dao.test.UserDaoImplTest -->
    </test> <!-- Default test -->
  </suite> <!-- Default suite -->
</testng-results>
